  Tile.cpp
c:\users\ender\documents\visual studio 2017\projects\distortionworld\general\tile.cpp(11): error C2661: 'Thing::Thing': no overloaded function takes 5 arguments
  Thing.cpp
  TextureManager.cpp
  Player.cpp
c:\users\ender\documents\visual studio 2017\projects\distortionworld\general\player.cpp(4): error C2661: 'Thing::Thing': no overloaded function takes 5 arguments
  Main.cpp
  Island.cpp
c:\users\ender\documents\visual studio 2017\projects\distortionworld\general\island.cpp(35): error C2059: syntax error: ')'
  Game.cpp
c:\users\ender\documents\visual studio 2017\projects\distortionworld\general\game.cpp(31): warning C4018: '<': signed/unsigned mismatch
c:\users\ender\documents\visual studio 2017\projects\distortionworld\general\game.cpp(34): warning C4018: '<': signed/unsigned mismatch
c:\users\ender\documents\visual studio 2017\projects\distortionworld\general\game.cpp(37): warning C4018: '<': signed/unsigned mismatch
c:\users\ender\documents\visual studio 2017\projects\distortionworld\general\game.cpp(40): warning C4018: '<': signed/unsigned mismatch
c:\users\ender\documents\visual studio 2017\projects\distortionworld\general\game.cpp(43): warning C4018: '<': signed/unsigned mismatch
c:\users\ender\documents\visual studio 2017\projects\distortionworld\general\game.cpp(44): warning C4150: deletion of pointer to incomplete type 'Button'; no destructor called
  c:\users\ender\documents\visual studio 2017\projects\distortionworld\general\game.h(11): note: see declaration of 'Button'
c:\users\ender\documents\visual studio 2017\projects\distortionworld\general\game.cpp(111): warning C4018: '<': signed/unsigned mismatch
c:\users\ender\documents\visual studio 2017\projects\distortionworld\general\game.cpp(119): warning C4018: '<': signed/unsigned mismatch
c:\users\ender\documents\visual studio 2017\projects\distortionworld\general\game.cpp(127): warning C4018: '<': signed/unsigned mismatch
c:\users\ender\documents\visual studio 2017\projects\distortionworld\general\game.cpp(135): warning C4018: '<': signed/unsigned mismatch
  Chunk.cpp
c:\users\ender\documents\visual studio 2017\projects\distortionworld\general\chunk.cpp(9): error C2065: 'something': undeclared identifier
c:\users\ender\documents\visual studio 2017\projects\distortionworld\general\chunk.cpp(9): error C2146: syntax error: missing ')' before identifier 'something'
c:\users\ender\documents\visual studio 2017\projects\distortionworld\general\chunk.cpp(9): error C2027: use of undefined type 'Tile'
  c:\users\ender\documents\visual studio 2017\projects\distortionworld\general\chunk.h(3): note: see declaration of 'Tile'
c:\users\ender\documents\visual studio 2017\projects\distortionworld\general\chunk.cpp(9): error C2146: syntax error: missing ';' before identifier 'something'
c:\users\ender\documents\visual studio 2017\projects\distortionworld\general\chunk.cpp(9): error C2146: syntax error: missing ';' before identifier 'material'
c:\users\ender\documents\visual studio 2017\projects\distortionworld\general\chunk.cpp(9): error C2065: 'material': undeclared identifier
c:\users\ender\documents\visual studio 2017\projects\distortionworld\general\chunk.cpp(9): error C2059: syntax error: ')'
c:\users\ender\documents\visual studio 2017\projects\distortionworld\general\chunk.cpp(27): error C2065: 'i': undeclared identifier
c:\users\ender\documents\visual studio 2017\projects\distortionworld\general\chunk.cpp(28): error C2059: syntax error: ')'
c:\users\ender\documents\visual studio 2017\projects\distortionworld\general\chunk.cpp(28): error C2143: syntax error: missing ';' before '{'
c:\users\ender\documents\visual studio 2017\projects\distortionworld\general\chunk.cpp(29): error C2059: syntax error: ')'
c:\users\ender\documents\visual studio 2017\projects\distortionworld\general\chunk.cpp(29): error C2143: syntax error: missing ';' before '{'
c:\users\ender\documents\visual studio 2017\projects\distortionworld\general\chunk.cpp(30): error C2059: syntax error: ')'
c:\users\ender\documents\visual studio 2017\projects\distortionworld\general\chunk.cpp(30): error C2143: syntax error: missing ';' before '{'
c:\users\ender\documents\visual studio 2017\projects\distortionworld\general\chunk.cpp(31): error C2059: syntax error: ')'
c:\users\ender\documents\visual studio 2017\projects\distortionworld\general\chunk.cpp(31): error C2143: syntax error: missing ';' before '{'
c:\users\ender\documents\visual studio 2017\projects\distortionworld\general\chunk.cpp(32): error C2059: syntax error: ')'
c:\users\ender\documents\visual studio 2017\projects\distortionworld\general\chunk.cpp(32): error C2143: syntax error: missing ';' before '{'
c:\users\ender\documents\visual studio 2017\projects\distortionworld\general\chunk.cpp(33): error C2059: syntax error: ')'
c:\users\ender\documents\visual studio 2017\projects\distortionworld\general\chunk.cpp(33): error C2143: syntax error: missing ';' before '{'
c:\users\ender\documents\visual studio 2017\projects\distortionworld\general\chunk.cpp(34): error C2059: syntax error: ')'
c:\users\ender\documents\visual studio 2017\projects\distortionworld\general\chunk.cpp(34): error C2143: syntax error: missing ';' before '{'
c:\users\ender\documents\visual studio 2017\projects\distortionworld\general\chunk.cpp(37): error C2065: 'spawnLandGrid': undeclared identifier
c:\users\ender\documents\visual studio 2017\projects\distortionworld\general\chunk.cpp(40): error C2065: 'spawnLandGrid': undeclared identifier
  Button.cpp
  Background.cpp
c:\users\ender\documents\visual studio 2017\projects\distortionworld\general\background.cpp(4): error C2661: 'Thing::Thing': no overloaded function takes 5 arguments
  Generating Code...
